<?xml version='1.0' encoding='UTF-8'?>
<testsuite hostname="mstr-aj-latitude-e5530-non-vpro" name="riscv.instMemtest" tests="1" errors="0" failures="0" skipped="0" time="4.027" timestamp="2023-03-07T15:55:43">
          <properties>
[...]
</properties>
          <testcase classname="riscv.instMemtest" name="inst" time="4.027">
                      
                    </testcase>
          <system-out><![CDATA[]]></system-out>
          <system-err><![CDATA[]]></system-err>
        </testsuite>